
> form-rhema@0.1.0 start
> react-scripts start

Starting the development server...

(node:29008) [DEP_WEBPACK_DEV_SERVER_ON_AFTER_SETUP_MIDDLEWARE] DeprecationWarning: 'onAfterSetupMiddleware' option is deprecated. Please use the 'setupMiddlewares' option.
(Use `node --trace-deprecation ...` to show where the warning was created)
(node:29008) [DEP_WEBPACK_DEV_SERVER_ON_BEFORE_SETUP_MIDDLEWARE] DeprecationWarning: 'onBeforeSetupMiddleware' option is deprecated. Please use the 'setupMiddlewares' option.
Compiled successfully!

You can now view form-rhema in the browser.

  Local:            http://localhost:3001
  On Your Network:  http://192.168.2.114:3001

Note that the development build is not optimized.
To create a production build, use npm run build.

webpack compiled successfully
Files successfully emitted, waiting for typecheck results...
Issues checking in progress...
No issues found.
Compiling...
Compiled with warnings.

[eslint] 
src/components/Form/Form.tsx
  Line 1:17:   'useEffect' is defined but never used             @typescript-eslint/no-unused-vars
  Line 18:3:   'Collapse' is defined but never used              @typescript-eslint/no-unused-vars
  Line 27:10:  'RD_STATION_CONFIG' is defined but never used     @typescript-eslint/no-unused-vars
  Line 51:9:   'borderColor' is assigned a value but never used  @typescript-eslint/no-unused-vars
  Line 58:9:   'indicacao' is assigned a value but never used    @typescript-eslint/no-unused-vars

Search for the keywords to learn more about each warning.
To ignore, add // eslint-disable-next-line to the line before.

WARNING in [eslint] 
src/components/Form/Form.tsx
  Line 1:17:   'useEffect' is defined but never used             @typescript-eslint/no-unused-vars
  Line 18:3:   'Collapse' is defined but never used              @typescript-eslint/no-unused-vars
  Line 27:10:  'RD_STATION_CONFIG' is defined but never used     @typescript-eslint/no-unused-vars
  Line 51:9:   'borderColor' is assigned a value but never used  @typescript-eslint/no-unused-vars
  Line 58:9:   'indicacao' is assigned a value but never used    @typescript-eslint/no-unused-vars

webpack compiled with 1 warning
No issues found.
Compiling...
Compiled with warnings.

[eslint] 
src/components/Form/Form.tsx
  Line 1:17:  'useEffect' is defined but never used             @typescript-eslint/no-unused-vars
  Line 18:3:  'Collapse' is defined but never used              @typescript-eslint/no-unused-vars
  Line 50:9:  'borderColor' is assigned a value but never used  @typescript-eslint/no-unused-vars
  Line 57:9:  'indicacao' is assigned a value but never used    @typescript-eslint/no-unused-vars

Search for the keywords to learn more about each warning.
To ignore, add // eslint-disable-next-line to the line before.

WARNING in [eslint] 
src/components/Form/Form.tsx
  Line 1:17:  'useEffect' is defined but never used             @typescript-eslint/no-unused-vars
  Line 18:3:  'Collapse' is defined but never used              @typescript-eslint/no-unused-vars
  Line 50:9:  'borderColor' is assigned a value but never used  @typescript-eslint/no-unused-vars
  Line 57:9:  'indicacao' is assigned a value but never used    @typescript-eslint/no-unused-vars

webpack compiled with 1 warning
Compiling...
Files successfully emitted, waiting for typecheck results...
Issues checking in progress...
Compiled with warnings.

[eslint] 
src/components/Form/Form.tsx
  Line 1:17:  'useEffect' is defined but never used             @typescript-eslint/no-unused-vars
  Line 18:3:  'Collapse' is defined but never used              @typescript-eslint/no-unused-vars
  Line 50:9:  'borderColor' is assigned a value but never used  @typescript-eslint/no-unused-vars
  Line 57:9:  'indicacao' is assigned a value but never used    @typescript-eslint/no-unused-vars

Search for the keywords to learn more about each warning.
To ignore, add // eslint-disable-next-line to the line before.

WARNING in [eslint] 
src/components/Form/Form.tsx
  Line 1:17:  'useEffect' is defined but never used             @typescript-eslint/no-unused-vars
  Line 18:3:  'Collapse' is defined but never used              @typescript-eslint/no-unused-vars
  Line 50:9:  'borderColor' is assigned a value but never used  @typescript-eslint/no-unused-vars
  Line 57:9:  'indicacao' is assigned a value but never used    @typescript-eslint/no-unused-vars

webpack compiled with 1 warning
Files successfully emitted, waiting for typecheck results...
Issues checking in progress...
No issues found.
Compiling...
Compiled with warnings.

[eslint] 
src/components/Form/Form.tsx
  Line 1:17:  'useEffect' is defined but never used             @typescript-eslint/no-unused-vars
  Line 18:3:  'Collapse' is defined but never used              @typescript-eslint/no-unused-vars
  Line 50:9:  'borderColor' is assigned a value but never used  @typescript-eslint/no-unused-vars
  Line 57:9:  'indicacao' is assigned a value but never used    @typescript-eslint/no-unused-vars

Search for the keywords to learn more about each warning.
To ignore, add // eslint-disable-next-line to the line before.

WARNING in [eslint] 
src/components/Form/Form.tsx
  Line 1:17:  'useEffect' is defined but never used             @typescript-eslint/no-unused-vars
  Line 18:3:  'Collapse' is defined but never used              @typescript-eslint/no-unused-vars
  Line 50:9:  'borderColor' is assigned a value but never used  @typescript-eslint/no-unused-vars
  Line 57:9:  'indicacao' is assigned a value but never used    @typescript-eslint/no-unused-vars

webpack compiled with 1 warning
Compiling...
Files successfully emitted, waiting for typecheck results...
Issues checking in progress...
Compiled with warnings.

[eslint] 
src/components/Form/Form.tsx
  Line 1:17:  'useEffect' is defined but never used             @typescript-eslint/no-unused-vars
  Line 18:3:  'Collapse' is defined but never used              @typescript-eslint/no-unused-vars
  Line 50:9:  'borderColor' is assigned a value but never used  @typescript-eslint/no-unused-vars
  Line 57:9:  'indicacao' is assigned a value but never used    @typescript-eslint/no-unused-vars

Search for the keywords to learn more about each warning.
To ignore, add // eslint-disable-next-line to the line before.

WARNING in [eslint] 
src/components/Form/Form.tsx
  Line 1:17:  'useEffect' is defined but never used             @typescript-eslint/no-unused-vars
  Line 18:3:  'Collapse' is defined but never used              @typescript-eslint/no-unused-vars
  Line 50:9:  'borderColor' is assigned a value but never used  @typescript-eslint/no-unused-vars
  Line 57:9:  'indicacao' is assigned a value but never used    @typescript-eslint/no-unused-vars

webpack compiled with 1 warning
Files successfully emitted, waiting for typecheck results...
Issues checking in progress...
No issues found.
Compiling...
Compiled with warnings.

[eslint] 
src/components/Form/Form.tsx
  Line 1:17:  'useEffect' is defined but never used             @typescript-eslint/no-unused-vars
  Line 18:3:  'Collapse' is defined but never used              @typescript-eslint/no-unused-vars
  Line 50:9:  'borderColor' is assigned a value but never used  @typescript-eslint/no-unused-vars
  Line 57:9:  'indicacao' is assigned a value but never used    @typescript-eslint/no-unused-vars

Search for the keywords to learn more about each warning.
To ignore, add // eslint-disable-next-line to the line before.

WARNING in [eslint] 
src/components/Form/Form.tsx
  Line 1:17:  'useEffect' is defined but never used             @typescript-eslint/no-unused-vars
  Line 18:3:  'Collapse' is defined but never used              @typescript-eslint/no-unused-vars
  Line 50:9:  'borderColor' is assigned a value but never used  @typescript-eslint/no-unused-vars
  Line 57:9:  'indicacao' is assigned a value but never used    @typescript-eslint/no-unused-vars

webpack compiled with 1 warning
No issues found.
Compiling...
Compiled with warnings.

[eslint] 
src/components/Form/Form.tsx
  Line 1:17:  'useEffect' is defined but never used             @typescript-eslint/no-unused-vars
  Line 18:3:  'Collapse' is defined but never used              @typescript-eslint/no-unused-vars
  Line 50:9:  'borderColor' is assigned a value but never used  @typescript-eslint/no-unused-vars
  Line 57:9:  'indicacao' is assigned a value but never used    @typescript-eslint/no-unused-vars

Search for the keywords to learn more about each warning.
To ignore, add // eslint-disable-next-line to the line before.

WARNING in [eslint] 
src/components/Form/Form.tsx
  Line 1:17:  'useEffect' is defined but never used             @typescript-eslint/no-unused-vars
  Line 18:3:  'Collapse' is defined but never used              @typescript-eslint/no-unused-vars
  Line 50:9:  'borderColor' is assigned a value but never used  @typescript-eslint/no-unused-vars
  Line 57:9:  'indicacao' is assigned a value but never used    @typescript-eslint/no-unused-vars

webpack compiled with 1 warning
No issues found.
Compiling...
Compiled with warnings.

[eslint] 
src/components/Form/Form.tsx
  Line 1:17:  'useEffect' is defined but never used             @typescript-eslint/no-unused-vars
  Line 18:3:  'Collapse' is defined but never used              @typescript-eslint/no-unused-vars
  Line 50:9:  'borderColor' is assigned a value but never used  @typescript-eslint/no-unused-vars
  Line 57:9:  'indicacao' is assigned a value but never used    @typescript-eslint/no-unused-vars

Search for the keywords to learn more about each warning.
To ignore, add // eslint-disable-next-line to the line before.

WARNING in [eslint] 
src/components/Form/Form.tsx
  Line 1:17:  'useEffect' is defined but never used             @typescript-eslint/no-unused-vars
  Line 18:3:  'Collapse' is defined but never used              @typescript-eslint/no-unused-vars
  Line 50:9:  'borderColor' is assigned a value but never used  @typescript-eslint/no-unused-vars
  Line 57:9:  'indicacao' is assigned a value but never used    @typescript-eslint/no-unused-vars

webpack compiled with 1 warning
No issues found.
